#
# There is insufficient memory for the Java Runtime Environment to continue.
# Native memory allocation (malloc) failed to allocate 771456 bytes for Chunk::new
# Possible reasons:
#   The system is out of physical RAM or swap space
#   In 32 bit mode, the process size limit was hit
# Possible solutions:
#   Reduce memory load on the system
#   Increase physical memory or swap space
#   Check if swap backing store is full
#   Use 64 bit Java on a 64 bit OS
#   Decrease Java heap size (-Xmx/-Xms)
#   Decrease number of Java threads
#   Decrease Java thread stack sizes (-Xss)
#   Set larger code cache with -XX:ReservedCodeCacheSize=
# This output file may be truncated or incomplete.
#
#  Out of Memory Error (allocation.cpp:390), pid=19088, tid=14632
#
# JRE version: Java(TM) SE Runtime Environment (8.0_51-b16) (build 1.8.0_51-b16)
# Java VM: Java HotSpot(TM) 64-Bit Server VM (25.51-b03 mixed mode windows-amd64 compressed oops)
# Failed to write core dump. Minidumps are not enabled by default on client versions of Windows
#

---------------  T H R E A D  ---------------

Current thread (0x000000001a08f000):  JavaThread "C2 CompilerThread1" daemon [_thread_in_native, id=14632, stack(0x000000001a760000,0x000000001a860000)]

Stack: [0x000000001a760000,0x000000001a860000]
Native frames: (J=compiled Java code, j=interpreted, Vv=VM code, C=native code)
V  [jvm.dll+0x32b4ca]
V  [jvm.dll+0x2797e3]
V  [jvm.dll+0x27a479]
V  [jvm.dll+0x271765]
V  [jvm.dll+0xcba02]
V  [jvm.dll+0xcbecc]
V  [jvm.dll+0x476f72]
V  [jvm.dll+0x4b95ff]
V  [jvm.dll+0x46b9bf]
V  [jvm.dll+0x46cd4e]
V  [jvm.dll+0x4501a2]
V  [jvm.dll+0xa43a2]
V  [jvm.dll+0xa4cdf]
V  [jvm.dll+0x2418a4]
V  [jvm.dll+0x29846a]
C  [msvcr100.dll+0x21d9f]
C  [msvcr100.dll+0x21e3b]
C  [KERNEL32.DLL+0x1257d]
C  [ntdll.dll+0x5aa58]


Current CompileTask:
C2:   3832 1259       4       com.sun.javafx.tk.quantum.QuantumToolkit$$Lambda$40/236959152::run (8 bytes)


---------------  P R O C E S S  ---------------

Java Threads: ( => current thread )
  0x000000001ae60000 JavaThread "Timer-2" [_thread_blocked, id=39704, stack(0x0000000022cb0000,0x0000000022db0000)]
  0x000000001ae5f000 JavaThread "Timer-1" [_thread_blocked, id=6180, stack(0x0000000022bb0000,0x0000000022cb0000)]
  0x000000001adc2800 JavaThread "Timer-0" [_thread_blocked, id=2760, stack(0x0000000022ab0000,0x0000000022bb0000)]
  0x000000001acfd800 JavaThread "Thread-3" daemon [_thread_in_native, id=54420, stack(0x00000000228b0000,0x00000000229b0000)]
  0x000000001acf8000 JavaThread "JavaFX-Launcher" [_thread_blocked, id=72896, stack(0x00000000229b0000,0x0000000022ab0000)]
  0x000000001ad0d000 JavaThread "JavaFX Application Thread" [_thread_in_native, id=54860, stack(0x000000001bf20000,0x000000001c020000)]
  0x000000001ad19000 JavaThread "Thread-1" daemon [_thread_blocked, id=75552, stack(0x000000001be20000,0x000000001bf20000)]
  0x000000001a3cb800 JavaThread "QuantumRenderer-0" daemon [_thread_in_native, id=36904, stack(0x000000001b460000,0x000000001b560000)]
  0x000000001a130000 JavaThread "Service Thread" daemon [_thread_blocked, id=63332, stack(0x000000001aa60000,0x000000001ab60000)]
  0x000000001a099000 JavaThread "C1 CompilerThread3" daemon [_thread_blocked, id=59248, stack(0x000000001a960000,0x000000001aa60000)]
  0x000000001a095800 JavaThread "C2 CompilerThread2" daemon [_thread_blocked, id=8184, stack(0x000000001a860000,0x000000001a960000)]
=>0x000000001a08f000 JavaThread "C2 CompilerThread1" daemon [_thread_in_native, id=14632, stack(0x000000001a760000,0x000000001a860000)]
  0x000000001a087800 JavaThread "C2 CompilerThread0" daemon [_thread_in_native, id=7872, stack(0x000000001a660000,0x000000001a760000)]
  0x000000001807e800 JavaThread "Attach Listener" daemon [_thread_blocked, id=44956, stack(0x000000001a560000,0x000000001a660000)]
  0x000000001807d000 JavaThread "Signal Dispatcher" daemon [_thread_blocked, id=7652, stack(0x000000001a460000,0x000000001a560000)]
  0x0000000003178800 JavaThread "Finalizer" daemon [_thread_blocked, id=12364, stack(0x0000000019f60000,0x000000001a060000)]
  0x0000000003172000 JavaThread "Reference Handler" daemon [_thread_blocked, id=18804, stack(0x0000000019e60000,0x0000000019f60000)]
  0x0000000003080800 JavaThread "main" [_thread_blocked, id=16020, stack(0x0000000002e80000,0x0000000002f80000)]

Other Threads:
  0x0000000018069800 VMThread [stack: 0x0000000019d60000,0x0000000019e60000] [id=59800]
  0x000000001a131000 WatcherThread [stack: 0x000000001ab60000,0x000000001ac60000] [id=68760]

VM state:not at safepoint (normal execution)

VM Mutex/Monitor currently owned by a thread: None

Heap:
 PSYoungGen      total 37888K, used 19622K [0x00000000d6300000, 0x00000000d8d00000, 0x0000000100000000)
  eden space 32768K, 49% used [0x00000000d6300000,0x00000000d72d7b40,0x00000000d8300000)
  from space 5120K, 66% used [0x00000000d8300000,0x00000000d8651d30,0x00000000d8800000)
  to   space 5120K, 0% used [0x00000000d8800000,0x00000000d8800000,0x00000000d8d00000)
 ParOldGen       total 86016K, used 6416K [0x0000000082800000, 0x0000000087c00000, 0x00000000d6300000)
  object space 86016K, 7% used [0x0000000082800000,0x0000000082e44010,0x0000000087c00000)
 Metaspace       used 10472K, capacity 10932K, committed 11136K, reserved 1058816K
  class space    used 1382K, capacity 1538K, committed 1664K, reserved 1048576K

Card table byte_map: [0x0000000012540000,0x0000000012930000] byte_map_base: 0x000000001212c000

Marking Bits: (ParMarkBitMap*) 0x0000000053504040
 Begin Bits: [0x00000000133d0000, 0x0000000015330000)
 End Bits:   [0x0000000015330000, 0x0000000017290000)

Polling page: 0x00000000015f0000

CodeCache: size=245760Kb used=4231Kb max_used=4237Kb free=241528Kb
 bounds [0x0000000003180000, 0x00000000035b0000, 0x0000000012180000]
 total_blobs=1790 nmethods=1258 adapters=445
 compilation: enabled

Compilation events (10 events):
Event: 3.799 Thread 0x000000001a095800 nmethod 1254 0x000000000359efd0 code [0x000000000359f120, 0x000000000359f1a8]
Event: 3.800 Thread 0x000000001a08f000 1256       4       com.sun.javafx.geom.transform.AffineBase::updateState2D (210 bytes)
Event: 3.801 Thread 0x000000001a08f000 nmethod 1256 0x000000000359d710 code [0x000000000359d8a0, 0x000000000359dab8]
Event: 3.801 Thread 0x000000001a095800 1257       4       javafx.scene.Scene::doLayoutPass (14 bytes)
Event: 3.802 Thread 0x000000001a08f000 1258       4       com.sun.javafx.tk.quantum.QuantumRenderer::afterExecute (31 bytes)
Event: 3.802 Thread 0x000000001a08f000 nmethod 1258 0x00000000035a04d0 code [0x00000000035a0600, 0x00000000035a0678]
Event: 3.802 Thread 0x000000001a08f000 1259       4       com.sun.javafx.tk.quantum.QuantumToolkit$$Lambda$40/236959152::run (8 bytes)
Event: 3.803 Thread 0x000000001a095800 nmethod 1257 0x000000000359e1d0 code [0x000000000359e360, 0x000000000359e628]
Event: 3.803 Thread 0x000000001a095800 1260       4       javafx.scene.canvas.GraphicsContext$State::restore (224 bytes)
Event: 3.814 Thread 0x000000001a095800 nmethod 1260 0x00000000035a4fd0 code [0x00000000035a5200, 0x00000000035a5e08]

GC Heap History (2 events):
Event: 0.516 GC heap before
{Heap before GC invocations=1 (full 0):
 PSYoungGen      total 37888K, used 32301K [0x00000000d6300000, 0x00000000d8d00000, 0x0000000100000000)
  eden space 32768K, 98% used [0x00000000d6300000,0x00000000d828b760,0x00000000d8300000)
  from space 5120K, 0% used [0x00000000d8800000,0x00000000d8800000,0x00000000d8d00000)
  to   space 5120K, 0% used [0x00000000d8300000,0x00000000d8300000,0x00000000d8800000)
 ParOldGen       total 86016K, used 0K [0x0000000082800000, 0x0000000087c00000, 0x00000000d6300000)
  object space 86016K, 0% used [0x0000000082800000,0x0000000082800000,0x0000000087c00000)
 Metaspace       used 8920K, capacity 9336K, committed 9600K, reserved 1056768K
  class space    used 1216K, capacity 1300K, committed 1408K, reserved 1048576K
Event: 0.520 GC heap after
Heap after GC invocations=1 (full 0):
 PSYoungGen      total 37888K, used 3399K [0x00000000d6300000, 0x00000000d8d00000, 0x0000000100000000)
  eden space 32768K, 0% used [0x00000000d6300000,0x00000000d6300000,0x00000000d8300000)
  from space 5120K, 66% used [0x00000000d8300000,0x00000000d8651d30,0x00000000d8800000)
  to   space 5120K, 0% used [0x00000000d8800000,0x00000000d8800000,0x00000000d8d00000)
 ParOldGen       total 86016K, used 6416K [0x0000000082800000, 0x0000000087c00000, 0x00000000d6300000)
  object space 86016K, 7% used [0x0000000082800000,0x0000000082e44010,0x0000000087c00000)
 Metaspace       used 8920K, capacity 9336K, committed 9600K, reserved 1056768K
  class space    used 1216K, capacity 1300K, committed 1408K, reserved 1048576K
}

Deoptimization events (8 events):
Event: 0.391 Thread 0x000000001ad0d000 Uncommon trap: reason=unstable_if action=reinterpret pc=0x000000000332ccc4 method=java.lang.String.replace(CC)Ljava/lang/String; @ 26
Event: 0.428 Thread 0x000000001ad0d000 Uncommon trap: reason=unstable_if action=reinterpret pc=0x0000000003357fa8 method=java.lang.String.indexOf([CII[CIII)I @ 134
Event: 0.476 Thread 0x000000001ad0d000 Uncommon trap: reason=unstable_if action=reinterpret pc=0x00000000033cf0dc method=sun.misc.MetaIndex.mayContain(Ljava/lang/String;)Z @ 13
Event: 0.483 Thread 0x000000001ad0d000 Uncommon trap: reason=unstable_if action=reinterpret pc=0x00000000033dde5c method=com.sun.javafx.iio.gif.GIFImageLoader2$LZWDecoder.readString()I @ 20
Event: 0.514 Thread 0x000000001ae5f000 Uncommon trap: reason=unstable_if action=reinterpret pc=0x00000000033e8d18 method=com.sun.javafx.image.impl.ByteBgra$ToByteBgraPreConv.doConvert([BII[BIIII)V @ 80
Event: 2.188 Thread 0x000000001ad0d000 Uncommon trap: reason=unstable_if action=reinterpret pc=0x0000000003589164 method=java.util.concurrent.locks.ReentrantLock$Sync.isHeldExclusively()Z @ 7
Event: 2.409 Thread 0x000000001ad0d000 Uncommon trap: reason=unstable_if action=reinterpret pc=0x000000000358cc28 method=javafx.geometry.Rectangle2D.intersects(Ljavafx/geometry/Rectangle2D;)Z @ 39
Event: 2.523 Thread 0x000000001ad0d000 Uncommon trap: reason=unstable_if action=reinterpret pc=0x00000000035952e4 method=com.sun.scenario.animation.shared.InfiniteClipEnvelope.timePulse(J)V @ 245

Internal exceptions (10 events):
Event: 0.113 Thread 0x0000000003080800 Exception <a 'java/security/PrivilegedActionException'> (0x00000000d6679680) thrown at [C:\re\workspace\8-2-build-windows-amd64-cygwin\jdk8u51\3951\hotspot\src\share\vm\prims\jvm.cpp, line 1382]
Event: 0.113 Thread 0x0000000003080800 Exception <a 'java/security/PrivilegedActionException'> (0x00000000d667d178) thrown at [C:\re\workspace\8-2-build-windows-amd64-cygwin\jdk8u51\3951\hotspot\src\share\vm\prims\jvm.cpp, line 1382]
Event: 0.113 Thread 0x0000000003080800 Exception <a 'java/security/PrivilegedActionException'> (0x00000000d667d330) thrown at [C:\re\workspace\8-2-build-windows-amd64-cygwin\jdk8u51\3951\hotspot\src\share\vm\prims\jvm.cpp, line 1382]
Event: 0.113 Thread 0x0000000003080800 Exception <a 'java/lang/NullPointerException'> (0x00000000d667d8b0) thrown at [C:\re\workspace\8-2-build-windows-amd64-cygwin\jdk8u51\3951\hotspot\src\share\vm\interpreter\linkResolver.cpp, line 1178]
Event: 0.406 Thread 0x000000001ad0d000 Exception <a 'java/lang/NullPointerException'> (0x00000000d6e92f18) thrown at [C:\re\workspace\8-2-build-windows-amd64-cygwin\jdk8u51\3951\hotspot\src\share\vm\interpreter\linkResolver.cpp, line 1178]
Event: 0.406 Thread 0x000000001ad0d000 Exception <a 'java/lang/NullPointerException'> (0x00000000d6e92f18) thrown at [C:\re\workspace\8-2-build-windows-amd64-cygwin\jdk8u51\3951\hotspot\src\share\vm\prims\jvm.cpp, line 1386]
Event: 2.934 Thread 0x000000001a3cb800 Implicit null exception at 0x0000000003581f94 to 0x000000000358225d
Event: 2.934 Thread 0x000000001a3cb800 Exception <a 'java/lang/NullPointerException'> (0x00000000d702ad70) thrown at [C:\re\workspace\8-2-build-windows-amd64-cygwin\jdk8u51\3951\hotspot\src\share\vm\runtime\sharedRuntime.cpp, line 605]
Event: 2.940 Thread 0x000000001a3cb800 Implicit null exception at 0x0000000003581f94 to 0x000000000358225d
Event: 2.941 Thread 0x000000001a3cb800 Exception <a 'java/lang/NullPointerException'> (0x00000000d702dd68) thrown at [C:\re\workspace\8-2-build-windows-amd64-cygwin\jdk8u51\3951\hotspot\src\share\vm\runtime\sharedRuntime.cpp, line 605]

Events (10 events):
Event: 2.933 loading class com/sun/prism/Texture$WrapMode
Event: 2.933 loading class com/sun/prism/Texture$WrapMode done
Event: 2.934 loading class com/sun/prism/Texture$Usage
Event: 2.934 loading class com/sun/prism/Texture$Usage done
Event: 2.934 loading class java/lang/Throwable$WrappedPrintStream
Event: 2.934 loading class java/lang/Throwable$PrintStreamOrWriter
Event: 2.935 loading class java/lang/Throwable$PrintStreamOrWriter done
Event: 2.935 loading class java/lang/Throwable$WrappedPrintStream done
Event: 2.935 loading class java/util/IdentityHashMap$KeySet
Event: 2.935 loading class java/util/IdentityHashMap$KeySet done


Dynamic libraries:
0x00007ff70f2c0000 - 0x00007ff70f2f7000 	C:\Program Files\Java\jre1.8.0_51\bin\javaw.exe
0x00007ffc80490000 - 0x00007ffc806a7000 	C:\WINDOWS\SYSTEM32\ntdll.dll
0x00007ffc7f6c0000 - 0x00007ffc7f784000 	C:\WINDOWS\System32\KERNEL32.DLL
0x00007ffc7dbd0000 - 0x00007ffc7df75000 	C:\WINDOWS\System32\KERNELBASE.dll
0x00007ffc7ead0000 - 0x00007ffc7eb81000 	C:\WINDOWS\System32\ADVAPI32.dll
0x00007ffc7eba0000 - 0x00007ffc7ec47000 	C:\WINDOWS\System32\msvcrt.dll
0x00007ffc7e4a0000 - 0x00007ffc7e546000 	C:\WINDOWS\System32\sechost.dll
0x00007ffc7ec50000 - 0x00007ffc7ed67000 	C:\WINDOWS\System32\RPCRT4.dll
0x00007ffc7f870000 - 0x00007ffc7fa1e000 	C:\WINDOWS\System32\USER32.dll
0x00007ffc7d800000 - 0x00007ffc7d826000 	C:\WINDOWS\System32\win32u.dll
0x00007ffc7eaa0000 - 0x00007ffc7eac9000 	C:\WINDOWS\System32\GDI32.dll
0x00007ffc7da40000 - 0x00007ffc7db59000 	C:\WINDOWS\System32\gdi32full.dll
0x00007ffc7d9a0000 - 0x00007ffc7da3a000 	C:\WINDOWS\System32\msvcp_win.dll
0x00007ffc7e040000 - 0x00007ffc7e151000 	C:\WINDOWS\System32\ucrtbase.dll
0x00007ffc6a6e0000 - 0x00007ffc6a973000 	C:\WINDOWS\WinSxS\amd64_microsoft.windows.common-controls_6595b64144ccf1df_6.0.22621.2506_none_270c5ae97388e100\COMCTL32.dll
0x00007ffc7f5d0000 - 0x00007ffc7f601000 	C:\WINDOWS\System32\IMM32.DLL
0x00000000529c0000 - 0x0000000052a92000 	C:\Program Files\Java\jre1.8.0_51\bin\msvcr100.dll
0x0000000052d00000 - 0x0000000053583000 	C:\Program Files\Java\jre1.8.0_51\bin\server\jvm.dll
0x00007ffc80280000 - 0x00007ffc80288000 	C:\WINDOWS\System32\PSAPI.DLL
0x00007ffc6ef50000 - 0x00007ffc6ef5a000 	C:\WINDOWS\SYSTEM32\VERSION.dll
0x00007ffc74ef0000 - 0x00007ffc74f24000 	C:\WINDOWS\SYSTEM32\WINMM.dll
0x00007ffc6b010000 - 0x00007ffc6b019000 	C:\WINDOWS\SYSTEM32\WSOCK32.dll
0x00007ffc80180000 - 0x00007ffc801f1000 	C:\WINDOWS\System32\WS2_32.dll
0x0000000052c10000 - 0x0000000052c1f000 	C:\Program Files\Java\jre1.8.0_51\bin\verify.dll
0x0000000052be0000 - 0x0000000052c09000 	C:\Program Files\Java\jre1.8.0_51\bin\java.dll
0x0000000052bc0000 - 0x0000000052bd6000 	C:\Program Files\Java\jre1.8.0_51\bin\zip.dll
0x00007ffc7ed70000 - 0x00007ffc7f5c9000 	C:\WINDOWS\System32\SHELL32.dll
0x00007ffc7b730000 - 0x00007ffc7c024000 	C:\WINDOWS\SYSTEM32\windows.storage.dll
0x00007ffc7e700000 - 0x00007ffc7ea89000 	C:\WINDOWS\System32\combase.dll
0x00007ffc7b5f0000 - 0x00007ffc7b72e000 	C:\WINDOWS\SYSTEM32\wintypes.dll
0x00007ffc7e3a0000 - 0x00007ffc7e493000 	C:\WINDOWS\System32\SHCORE.dll
0x00007ffc80200000 - 0x00007ffc8025e000 	C:\WINDOWS\System32\shlwapi.dll
0x00007ffc7d730000 - 0x00007ffc7d756000 	C:\WINDOWS\SYSTEM32\profapi.dll
0x0000000052990000 - 0x00000000529bc000 	C:\Program Files\Java\jre1.8.0_51\bin\prism_d3d.dll
0x00007ffc12990000 - 0x00007ffc12b39000 	C:\WINDOWS\system32\d3d9.dll
0x00007ffc7ab10000 - 0x00007ffc7ab3b000 	C:\WINDOWS\SYSTEM32\dwmapi.dll
0x00007ffc7ab80000 - 0x00007ffc7abb6000 	C:\WINDOWS\SYSTEM32\dxcore.dll
0x00007ffc7a890000 - 0x00007ffc7a93b000 	C:\WINDOWS\system32\uxtheme.dll
0x00007ffc786a0000 - 0x00007ffc786ea000 	C:\WINDOWS\SYSTEM32\directxdatabasehelper.dll
0x00007ffc7c890000 - 0x00007ffc7c8a8000 	C:\WINDOWS\SYSTEM32\kernel.appcore.dll
0x00007ffc7d4a0000 - 0x00007ffc7d4b2000 	C:\WINDOWS\SYSTEM32\msasn1.dll
0x00007ffc6ef10000 - 0x00007ffc6ef42000 	C:\WINDOWS\SYSTEM32\cryptnet.dll
0x00007ffc7d830000 - 0x00007ffc7d996000 	C:\WINDOWS\System32\CRYPT32.dll
0x00007ffc7cfe0000 - 0x00007ffc7cfec000 	C:\WINDOWS\SYSTEM32\cryptbase.dll
0x00007ffc7db60000 - 0x00007ffc7dbcc000 	C:\WINDOWS\System32\wintrust.dll
0x00007ffc80260000 - 0x00007ffc8027f000 	C:\WINDOWS\System32\imagehlp.dll
0x00007ffc7cfc0000 - 0x00007ffc7cfdb000 	C:\WINDOWS\SYSTEM32\CRYPTSP.dll
0x00007ffc7c850000 - 0x00007ffc7c885000 	C:\WINDOWS\system32\rsaenh.dll
0x00007ffc7e160000 - 0x00007ffc7e1da000 	C:\WINDOWS\System32\bcryptPrimitives.dll
0x00007ffc7d190000 - 0x00007ffc7d1b8000 	C:\WINDOWS\SYSTEM32\bcrypt.dll
0x0000000052940000 - 0x0000000052981000 	C:\Program Files\Java\jre1.8.0_51\bin\glass.dll
0x00007ffc7e550000 - 0x00007ffc7e649000 	C:\WINDOWS\System32\COMDLG32.dll
0x00007ffc7ffe0000 - 0x00007ffc80180000 	C:\WINDOWS\System32\ole32.dll
0x00007ffc7f790000 - 0x00007ffc7f867000 	C:\WINDOWS\System32\OLEAUT32.dll
0x00007ffc7e250000 - 0x00007ffc7e39f000 	C:\WINDOWS\System32\MSCTF.dll
0x00007ffc4a200000 - 0x00007ffc4a2bc000 	C:\WINDOWS\System32\DriverStore\FileRepository\nvami.inf_amd64_357c899e52491771\nvldumdx.dll
0x00007ffc6ec60000 - 0x00007ffc6edb8000 	C:\WINDOWS\SYSTEM32\drvstore.dll
0x00007ffc7d4c0000 - 0x00007ffc7d4ec000 	C:\WINDOWS\SYSTEM32\devobj.dll
0x00007ffc7d4f0000 - 0x00007ffc7d53e000 	C:\WINDOWS\SYSTEM32\cfgmgr32.dll
0x00007ffc7d070000 - 0x00007ffc7d0bb000 	C:\WINDOWS\SYSTEM32\wldp.dll
0x00007ffbd93c0000 - 0x00007ffbdc54d000 	C:\WINDOWS\System32\DriverStore\FileRepository\nvami.inf_amd64_357c899e52491771\nvd3dumx.dll
0x00007ffc0b340000 - 0x00007ffc0b611000 	C:\WINDOWS\system32\nvspcap64.dll
0x00007ffc7c910000 - 0x00007ffc7c944000 	C:\WINDOWS\SYSTEM32\ntmarta.dll
0x00007ffc7ce00000 - 0x00007ffc7ce26000 	C:\WINDOWS\SYSTEM32\gpapi.dll
0x00007ffc3cb60000 - 0x00007ffc3ccc5000 	C:\WINDOWS\System32\DriverStore\FileRepository\iigd_dch.inf_amd64_034e16382545a6a5\igdumdim64.dll
0x00007ffbac8b0000 - 0x00007ffbb04d1000 	C:\WINDOWS\System32\DriverStore\FileRepository\iigd_dch.inf_amd64_034e16382545a6a5\igd9dxva64.dll
0x00007ffc7fad0000 - 0x00007ffc7ff44000 	C:\WINDOWS\System32\SETUPAPI.dll
0x00007ffc72480000 - 0x00007ffc7284d000 	C:\WINDOWS\System32\DriverStore\FileRepository\iigd_dch.inf_amd64_034e16382545a6a5\igdgmm64.dll
0x00007ffc759b0000 - 0x00007ffc759d7000 	C:\WINDOWS\System32\DriverStore\FileRepository\iigd_dch.inf_amd64_034e16382545a6a5\igdinfo64.dll
0x00007ffc6f5f0000 - 0x00007ffc72337000 	C:\WINDOWS\System32\DriverStore\FileRepository\iigd_dch.inf_amd64_034e16382545a6a5\igc64.dll
0x0000000052920000 - 0x0000000052935000 	C:\Program Files\Java\jre1.8.0_51\bin\javafx_font.dll
0x00007ffc79260000 - 0x00007ffc794d3000 	C:\WINDOWS\SYSTEM32\dwrite.dll
0x00007ffc7f610000 - 0x00007ffc7f6c0000 	C:\WINDOWS\System32\clbcatq.dll
0x00007ffc790b0000 - 0x00007ffc79260000 	C:\WINDOWS\SYSTEM32\WindowsCodecs.dll
0x00007ffc64780000 - 0x00007ffc647de000 	C:\WINDOWS\system32\dataexchange.dll
0x00007ffc75270000 - 0x00007ffc754f5000 	C:\WINDOWS\system32\twinapi.appcore.dll
0x00007ffc69790000 - 0x00007ffc697c2000 	C:\Program Files\Common Files\Microsoft Shared\Ink\rtscom.dll
0x00007ffc75120000 - 0x00007ffc7526a000 	C:\WINDOWS\SYSTEM32\textinputframework.dll
0x00007ffc7a3a0000 - 0x00007ffc7a4d3000 	C:\WINDOWS\SYSTEM32\CoreMessaging.dll
0x00007ffc77fb0000 - 0x00007ffc7831c000 	C:\WINDOWS\SYSTEM32\CoreUIComponents.dll
0x00007ffc5c580000 - 0x00007ffc5c9c5000 	C:\WINDOWS\SYSTEM32\UIAutomationCore.DLL
0x00007ffc6b530000 - 0x00007ffc6b57b000 	C:\WINDOWS\system32\ApplicationTargetedFeatureDatabase.dll
0x00007ffc6a4e0000 - 0x00007ffc6a58b000 	C:\Windows\System32\OneCoreCommonProxyStub.dll
0x00007ffc7ae80000 - 0x00007ffc7b0b3000 	C:\WINDOWS\SYSTEM32\dbghelp.dll

VM Arguments:
jvm_args: -Dfile.encoding=Cp1252 
java_command: miniprojtemplate.Main
java_class_path (initial): C:\Users\Janry\workspace\Copy of project\bin;C:\eclipse\plugins\org.eclipse.fx.ide.css.jfx8_2.4.0.201605112122.jar
Launcher Type: SUN_STANDARD

Environment Variables:
PATH=C:/Program Files/Java/jre1.8.0_51/bin/server;C:/Program Files/Java/jre1.8.0_51/bin;C:/Program Files/Java/jre1.8.0_51/lib/amd64;C:\Program Files\Common Files\Oracle\Java\javapath;C:\Program Files (x86)\Common Files\Oracle\Java\javapath;C:\ProgramData\Oracle\Java\javapath;C:\Windows\system32;C:\Windows;C:\Windows\System32\Wbem;C:\Windows\System32\WindowsPowerShell\v1.0\;C:\Windows\System32\OpenSSH\;C:\Program Files (x86)\NVIDIA Corporation\PhysX\Common;C:\Program Files\NVIDIA Corporation\NVIDIA NvDLISR;C:\Program Files\dotnet\;C:\msys64\mingw64\bin;C:\WINDOWS\system32;C:\WINDOWS;C:\WINDOWS\System32\Wbem;C:\WINDOWS\System32\WindowsPowerShell\v1.0\;C:\WINDOWS\System32\OpenSSH\;C:\Program Files\Git\cmd;C:\Program Files\nodejs\;C:\Users\Janry\AppData\Local\Microsoft\WindowsApps;C:\Users\Janry\AppData\Local\Programs\Microsoft VS Code\bin;C:\Users\Janry\AppData\Local\GitHubDesktop\bin;C:\Users\Janry\AppData\Roaming\npm;C:\eclipse;
USERNAME=Janry
OS=Windows_NT
PROCESSOR_IDENTIFIER=Intel64 Family 6 Model 165 Stepping 2, GenuineIntel



---------------  S Y S T E M  ---------------

OS: Windows 10.0 , 64 bit Build 22621 (10.0.22621.2506)

CPU:total 8 (4 cores per cpu, 2 threads per core) family 6 model 165 stepping 2, cmov, cx8, fxsr, mmx, sse, sse2, sse3, ssse3, sse4.1, sse4.2, popcnt, avx, avx2, aes, clmul, erms, 3dnowpref, lzcnt, ht, tsc, tscinvbit, bmi1, bmi2, adx

Memory: 4k page, physical 8221704k(752408k free), swap 33387528k(3508k free)

vm_info: Java HotSpot(TM) 64-Bit Server VM (25.51-b03) for windows-amd64 JRE (1.8.0_51-b16), built on Jun  8 2015 18:03:07 by "java_re" with MS VC++ 10.0 (VS2010)

time: Mon Dec 04 03:18:44 2023
elapsed time: 3 seconds (0d 0h 0m 3s)

